04-06 23:01:53 com_github_MitjaNemec_Archive3DModels.action_archive_3d_models 238:Plugin executed on: 'win32'
04-06 23:01:53 com_github_MitjaNemec_Archive3DModels.action_archive_3d_models 239:Plugin executed with python version: '3.11.5 (main, Jan 27 2025, 07:08:36) [MSC v.1942 64 bit (AMD64)]'
04-06 23:01:53 com_github_MitjaNemec_Archive3DModels.action_archive_3d_models 240:KiCad build version: 9.0.1
04-06 23:01:53 com_github_MitjaNemec_Archive3DModels.action_archive_3d_models 241:Plugin version: 1.0.15
04-06 23:01:53 com_github_MitjaNemec_Archive3DModels.action_archive_3d_models 246:Screen sizes: [wx.Size(1920, 1080), wx.Size(1920, 1080)]
04-06 23:01:53 com_github_MitjaNemec_Archive3DModels.action_archive_3d_models 253:Dialog size: wx.Size(213, 81)
04-06 23:01:53 com_github_MitjaNemec_Archive3DModels.action_archive_3d_models 255:Char size: 15
04-06 23:02:05 com_github_MitjaNemec_Archive3DModels.archive_3d_models 30:Starting to archive 3D models
04-06 23:02:05 com_github_MitjaNemec_Archive3DModels.archive_3d_models 51:Getting 3D models for footprint of: R_SCL1
04-06 23:02:05 com_github_MitjaNemec_Archive3DModels.archive_3d_models 63:Trying to copy: ${KICAD9_3DMODEL_DIR}/Resistor_THT.3dshapes/R_Axial_DIN0207_L6.3mm_D2.5mm_P10.16mm_Horizontal.wrl
04-06 23:02:05 com_github_MitjaNemec_Archive3DModels.archive_3d_models 150:Remapping: ${KICAD9_3DMODEL_DIR}/Resistor_THT.3dshapes/R_Axial_DIN0207_L6.3mm_D2.5mm_P10.16mm_Horizontal.wrl
04-06 23:02:05 com_github_MitjaNemec_Archive3DModels.archive_3d_models 51:Getting 3D models for footprint of: J2
04-06 23:02:05 com_github_MitjaNemec_Archive3DModels.archive_3d_models 63:Trying to copy: ${KICAD9_3DMODEL_DIR}/Connector_PinHeader_2.54mm.3dshapes/PinHeader_2x05_P2.54mm_Vertical.wrl
04-06 23:02:05 com_github_MitjaNemec_Archive3DModels.archive_3d_models 150:Remapping: ${KICAD9_3DMODEL_DIR}/Connector_PinHeader_2.54mm.3dshapes/PinHeader_2x05_P2.54mm_Vertical.wrl
04-06 23:02:05 com_github_MitjaNemec_Archive3DModels.archive_3d_models 51:Getting 3D models for footprint of: R_SDA1
04-06 23:02:05 com_github_MitjaNemec_Archive3DModels.archive_3d_models 63:Trying to copy: ${KICAD9_3DMODEL_DIR}/Resistor_THT.3dshapes/R_Axial_DIN0207_L6.3mm_D2.5mm_P10.16mm_Horizontal.wrl
04-06 23:02:05 com_github_MitjaNemec_Archive3DModels.archive_3d_models 150:Remapping: ${KICAD9_3DMODEL_DIR}/Resistor_THT.3dshapes/R_Axial_DIN0207_L6.3mm_D2.5mm_P10.16mm_Horizontal.wrl
04-06 23:02:05 com_github_MitjaNemec_Archive3DModels.archive_3d_models 51:Getting 3D models for footprint of: C11
04-06 23:02:05 com_github_MitjaNemec_Archive3DModels.archive_3d_models 63:Trying to copy: ${KICAD9_3DMODEL_DIR}/Capacitor_THT.3dshapes/C_Disc_D5.0mm_W2.5mm_P5.00mm.wrl
04-06 23:02:05 com_github_MitjaNemec_Archive3DModels.archive_3d_models 150:Remapping: ${KICAD9_3DMODEL_DIR}/Capacitor_THT.3dshapes/C_Disc_D5.0mm_W2.5mm_P5.00mm.wrl
04-06 23:02:05 com_github_MitjaNemec_Archive3DModels.archive_3d_models 51:Getting 3D models for footprint of: U28
04-06 23:02:05 com_github_MitjaNemec_Archive3DModels.archive_3d_models 63:Trying to copy: ${KICAD9_3DMODEL_DIR}/Package_DIP.3dshapes/DIP-16_W7.62mm.wrl
04-06 23:02:05 com_github_MitjaNemec_Archive3DModels.archive_3d_models 150:Remapping: ${KICAD9_3DMODEL_DIR}/Package_DIP.3dshapes/DIP-16_W7.62mm.wrl
04-06 23:02:05 com_github_MitjaNemec_Archive3DModels.archive_3d_models 63:Trying to copy: ${KICAD9_3DMODEL_DIR}/Package_DIP.3dshapes/DIP-16_W7.62mm_Socket.wrl
04-06 23:02:05 com_github_MitjaNemec_Archive3DModels.archive_3d_models 150:Remapping: ${KICAD9_3DMODEL_DIR}/Package_DIP.3dshapes/DIP-16_W7.62mm_Socket.wrl
04-06 23:02:05 com_github_MitjaNemec_Archive3DModels.archive_3d_models 51:Getting 3D models for footprint of: U9
04-06 23:02:05 com_github_MitjaNemec_Archive3DModels.archive_3d_models 63:Trying to copy: ${KICAD9_3DMODEL_DIR}/Package_DIP.3dshapes/DIP-16_W7.62mm.wrl
04-06 23:02:05 com_github_MitjaNemec_Archive3DModels.archive_3d_models 150:Remapping: ${KICAD9_3DMODEL_DIR}/Package_DIP.3dshapes/DIP-16_W7.62mm.wrl
04-06 23:02:05 com_github_MitjaNemec_Archive3DModels.archive_3d_models 63:Trying to copy: ${KICAD9_3DMODEL_DIR}/Package_DIP.3dshapes/DIP-16_W7.62mm_Socket.wrl
04-06 23:02:05 com_github_MitjaNemec_Archive3DModels.archive_3d_models 150:Remapping: ${KICAD9_3DMODEL_DIR}/Package_DIP.3dshapes/DIP-16_W7.62mm_Socket.wrl
04-06 23:02:05 com_github_MitjaNemec_Archive3DModels.archive_3d_models 51:Getting 3D models for footprint of: H1
04-06 23:02:05 com_github_MitjaNemec_Archive3DModels.archive_3d_models 51:Getting 3D models for footprint of: H3
04-06 23:02:05 com_github_MitjaNemec_Archive3DModels.archive_3d_models 51:Getting 3D models for footprint of: C2
04-06 23:02:05 com_github_MitjaNemec_Archive3DModels.archive_3d_models 63:Trying to copy: ${KICAD9_3DMODEL_DIR}/Capacitor_THT.3dshapes/C_Disc_D5.0mm_W2.5mm_P5.00mm.wrl
04-06 23:02:05 com_github_MitjaNemec_Archive3DModels.archive_3d_models 150:Remapping: ${KICAD9_3DMODEL_DIR}/Capacitor_THT.3dshapes/C_Disc_D5.0mm_W2.5mm_P5.00mm.wrl
04-06 23:02:05 com_github_MitjaNemec_Archive3DModels.archive_3d_models 51:Getting 3D models for footprint of: H4
04-06 23:02:05 com_github_MitjaNemec_Archive3DModels.archive_3d_models 51:Getting 3D models for footprint of: U8
04-06 23:02:05 com_github_MitjaNemec_Archive3DModels.archive_3d_models 63:Trying to copy: ${KICAD9_3DMODEL_DIR}/Package_DIP.3dshapes/DIP-16_W7.62mm.wrl
04-06 23:02:05 com_github_MitjaNemec_Archive3DModels.archive_3d_models 150:Remapping: ${KICAD9_3DMODEL_DIR}/Package_DIP.3dshapes/DIP-16_W7.62mm.wrl
04-06 23:02:05 com_github_MitjaNemec_Archive3DModels.archive_3d_models 63:Trying to copy: ${KICAD9_3DMODEL_DIR}/Package_DIP.3dshapes/DIP-16_W7.62mm_Socket.wrl
04-06 23:02:05 com_github_MitjaNemec_Archive3DModels.archive_3d_models 150:Remapping: ${KICAD9_3DMODEL_DIR}/Package_DIP.3dshapes/DIP-16_W7.62mm_Socket.wrl
04-06 23:02:05 com_github_MitjaNemec_Archive3DModels.archive_3d_models 51:Getting 3D models for footprint of: C5
04-06 23:02:05 com_github_MitjaNemec_Archive3DModels.archive_3d_models 63:Trying to copy: ${KICAD9_3DMODEL_DIR}/Capacitor_THT.3dshapes/C_Disc_D5.0mm_W2.5mm_P5.00mm.wrl
04-06 23:02:05 com_github_MitjaNemec_Archive3DModels.archive_3d_models 150:Remapping: ${KICAD9_3DMODEL_DIR}/Capacitor_THT.3dshapes/C_Disc_D5.0mm_W2.5mm_P5.00mm.wrl
04-06 23:02:05 com_github_MitjaNemec_Archive3DModels.archive_3d_models 51:Getting 3D models for footprint of: C_2
04-06 23:02:05 com_github_MitjaNemec_Archive3DModels.archive_3d_models 63:Trying to copy: ${KICAD9_3DMODEL_DIR}/Capacitor_SMD.3dshapes/C_1206_3216Metric.wrl
04-06 23:02:05 com_github_MitjaNemec_Archive3DModels.archive_3d_models 150:Remapping: ${KICAD9_3DMODEL_DIR}/Capacitor_SMD.3dshapes/C_1206_3216Metric.wrl
04-06 23:02:05 com_github_MitjaNemec_Archive3DModels.archive_3d_models 51:Getting 3D models for footprint of: U10
04-06 23:02:05 com_github_MitjaNemec_Archive3DModels.archive_3d_models 63:Trying to copy: ${KICAD9_3DMODEL_DIR}/Package_DIP.3dshapes/DIP-16_W7.62mm.wrl
04-06 23:02:05 com_github_MitjaNemec_Archive3DModels.archive_3d_models 150:Remapping: ${KICAD9_3DMODEL_DIR}/Package_DIP.3dshapes/DIP-16_W7.62mm.wrl
04-06 23:02:05 com_github_MitjaNemec_Archive3DModels.archive_3d_models 63:Trying to copy: ${KICAD9_3DMODEL_DIR}/Package_DIP.3dshapes/DIP-16_W7.62mm_Socket.wrl
04-06 23:02:05 com_github_MitjaNemec_Archive3DModels.archive_3d_models 150:Remapping: ${KICAD9_3DMODEL_DIR}/Package_DIP.3dshapes/DIP-16_W7.62mm_Socket.wrl
04-06 23:02:05 com_github_MitjaNemec_Archive3DModels.archive_3d_models 51:Getting 3D models for footprint of: F1
04-06 23:02:05 com_github_MitjaNemec_Archive3DModels.archive_3d_models 63:Trying to copy: ${KICAD9_3DMODEL_DIR}/Fuse.3dshapes/Fuse_1206_3216Metric.wrl
04-06 23:02:05 com_github_MitjaNemec_Archive3DModels.archive_3d_models 150:Remapping: ${KICAD9_3DMODEL_DIR}/Fuse.3dshapes/Fuse_1206_3216Metric.wrl
04-06 23:02:05 com_github_MitjaNemec_Archive3DModels.archive_3d_models 51:Getting 3D models for footprint of: U11
04-06 23:02:05 com_github_MitjaNemec_Archive3DModels.archive_3d_models 63:Trying to copy: ${KICAD9_3DMODEL_DIR}/Package_DIP.3dshapes/DIP-16_W7.62mm.wrl
04-06 23:02:05 com_github_MitjaNemec_Archive3DModels.archive_3d_models 150:Remapping: ${KICAD9_3DMODEL_DIR}/Package_DIP.3dshapes/DIP-16_W7.62mm.wrl
04-06 23:02:05 com_github_MitjaNemec_Archive3DModels.archive_3d_models 63:Trying to copy: ${KICAD9_3DMODEL_DIR}/Package_DIP.3dshapes/DIP-16_W7.62mm_Socket.wrl
04-06 23:02:05 com_github_MitjaNemec_Archive3DModels.archive_3d_models 150:Remapping: ${KICAD9_3DMODEL_DIR}/Package_DIP.3dshapes/DIP-16_W7.62mm_Socket.wrl
04-06 23:02:05 com_github_MitjaNemec_Archive3DModels.archive_3d_models 51:Getting 3D models for footprint of: PCIe_CAN_1
04-06 23:02:05 com_github_MitjaNemec_Archive3DModels.archive_3d_models 63:Trying to copy: ${KICAD9_3DMODEL_DIR}/Connector_PinHeader_2.54mm.3dshapes/PinHeader_2x07_P2.54mm_Vertical.wrl
04-06 23:02:05 com_github_MitjaNemec_Archive3DModels.archive_3d_models 150:Remapping: ${KICAD9_3DMODEL_DIR}/Connector_PinHeader_2.54mm.3dshapes/PinHeader_2x07_P2.54mm_Vertical.wrl
04-06 23:02:05 com_github_MitjaNemec_Archive3DModels.archive_3d_models 51:Getting 3D models for footprint of: U1
04-06 23:02:05 com_github_MitjaNemec_Archive3DModels.archive_3d_models 63:Trying to copy: ${KICAD9_3DMODEL_DIR}/Package_DIP.3dshapes/DIP-16_W7.62mm.wrl
04-06 23:02:05 com_github_MitjaNemec_Archive3DModels.archive_3d_models 150:Remapping: ${KICAD9_3DMODEL_DIR}/Package_DIP.3dshapes/DIP-16_W7.62mm.wrl
04-06 23:02:05 com_github_MitjaNemec_Archive3DModels.archive_3d_models 63:Trying to copy: ${KICAD9_3DMODEL_DIR}/Package_DIP.3dshapes/DIP-16_W7.62mm_Socket.wrl
04-06 23:02:05 com_github_MitjaNemec_Archive3DModels.archive_3d_models 150:Remapping: ${KICAD9_3DMODEL_DIR}/Package_DIP.3dshapes/DIP-16_W7.62mm_Socket.wrl
04-06 23:02:05 com_github_MitjaNemec_Archive3DModels.archive_3d_models 51:Getting 3D models for footprint of: U4
04-06 23:02:05 com_github_MitjaNemec_Archive3DModels.archive_3d_models 63:Trying to copy: ${KICAD9_3DMODEL_DIR}/Package_DIP.3dshapes/DIP-28_W7.62mm.wrl
04-06 23:02:05 com_github_MitjaNemec_Archive3DModels.archive_3d_models 150:Remapping: ${KICAD9_3DMODEL_DIR}/Package_DIP.3dshapes/DIP-28_W7.62mm.wrl
04-06 23:02:05 com_github_MitjaNemec_Archive3DModels.archive_3d_models 63:Trying to copy: ${KICAD9_3DMODEL_DIR}/Package_DIP.3dshapes/DIP-28_W7.62mm_Socket.wrl
04-06 23:02:05 com_github_MitjaNemec_Archive3DModels.archive_3d_models 150:Remapping: ${KICAD9_3DMODEL_DIR}/Package_DIP.3dshapes/DIP-28_W7.62mm_Socket.wrl
04-06 23:02:05 com_github_MitjaNemec_Archive3DModels.archive_3d_models 51:Getting 3D models for footprint of: U12
04-06 23:02:05 com_github_MitjaNemec_Archive3DModels.archive_3d_models 63:Trying to copy: ${KICAD9_3DMODEL_DIR}/Package_DIP.3dshapes/DIP-16_W7.62mm.wrl
04-06 23:02:05 com_github_MitjaNemec_Archive3DModels.archive_3d_models 150:Remapping: ${KICAD9_3DMODEL_DIR}/Package_DIP.3dshapes/DIP-16_W7.62mm.wrl
04-06 23:02:05 com_github_MitjaNemec_Archive3DModels.archive_3d_models 63:Trying to copy: ${KICAD9_3DMODEL_DIR}/Package_DIP.3dshapes/DIP-16_W7.62mm_Socket.wrl
04-06 23:02:05 com_github_MitjaNemec_Archive3DModels.archive_3d_models 150:Remapping: ${KICAD9_3DMODEL_DIR}/Package_DIP.3dshapes/DIP-16_W7.62mm_Socket.wrl
04-06 23:02:05 com_github_MitjaNemec_Archive3DModels.archive_3d_models 51:Getting 3D models for footprint of: C6
04-06 23:02:05 com_github_MitjaNemec_Archive3DModels.archive_3d_models 63:Trying to copy: ${KICAD9_3DMODEL_DIR}/Capacitor_THT.3dshapes/C_Disc_D5.0mm_W2.5mm_P5.00mm.wrl
04-06 23:02:05 com_github_MitjaNemec_Archive3DModels.archive_3d_models 150:Remapping: ${KICAD9_3DMODEL_DIR}/Capacitor_THT.3dshapes/C_Disc_D5.0mm_W2.5mm_P5.00mm.wrl
04-06 23:02:05 com_github_MitjaNemec_Archive3DModels.archive_3d_models 51:Getting 3D models for footprint of: JP2
04-06 23:02:05 com_github_MitjaNemec_Archive3DModels.archive_3d_models 63:Trying to copy: ${KICAD9_3DMODEL_DIR}/Connector_PinHeader_2.54mm.3dshapes/PinHeader_1x03_P2.54mm_Vertical.wrl
04-06 23:02:05 com_github_MitjaNemec_Archive3DModels.archive_3d_models 150:Remapping: ${KICAD9_3DMODEL_DIR}/Connector_PinHeader_2.54mm.3dshapes/PinHeader_1x03_P2.54mm_Vertical.wrl
04-06 23:02:05 com_github_MitjaNemec_Archive3DModels.archive_3d_models 51:Getting 3D models for footprint of: LDL1
04-06 23:02:05 com_github_MitjaNemec_Archive3DModels.archive_3d_models 63:Trying to copy: ${KICAD9_3DMODEL_DIR}/Package_TO_SOT_SMD.3dshapes/SOT-223.wrl
04-06 23:02:05 com_github_MitjaNemec_Archive3DModels.archive_3d_models 150:Remapping: ${KICAD9_3DMODEL_DIR}/Package_TO_SOT_SMD.3dshapes/SOT-223.wrl
04-06 23:02:05 com_github_MitjaNemec_Archive3DModels.archive_3d_models 51:Getting 3D models for footprint of: C9
04-06 23:02:05 com_github_MitjaNemec_Archive3DModels.archive_3d_models 63:Trying to copy: ${KICAD9_3DMODEL_DIR}/Capacitor_THT.3dshapes/C_Disc_D5.0mm_W2.5mm_P5.00mm.wrl
04-06 23:02:05 com_github_MitjaNemec_Archive3DModels.archive_3d_models 150:Remapping: ${KICAD9_3DMODEL_DIR}/Capacitor_THT.3dshapes/C_Disc_D5.0mm_W2.5mm_P5.00mm.wrl
04-06 23:02:05 com_github_MitjaNemec_Archive3DModels.archive_3d_models 51:Getting 3D models for footprint of: J_VIN_0
04-06 23:02:05 com_github_MitjaNemec_Archive3DModels.archive_3d_models 63:Trying to copy: ${KICAD9_3DMODEL_DIR}/Connector_PinHeader_2.54mm.3dshapes/PinHeader_1x02_P2.54mm_Vertical.wrl
04-06 23:02:05 com_github_MitjaNemec_Archive3DModels.archive_3d_models 150:Remapping: ${KICAD9_3DMODEL_DIR}/Connector_PinHeader_2.54mm.3dshapes/PinHeader_1x02_P2.54mm_Vertical.wrl
04-06 23:02:05 com_github_MitjaNemec_Archive3DModels.archive_3d_models 51:Getting 3D models for footprint of: R5
04-06 23:02:05 com_github_MitjaNemec_Archive3DModels.archive_3d_models 63:Trying to copy: ${KICAD9_3DMODEL_DIR}/Resistor_SMD.3dshapes/R_1206_3216Metric.wrl
04-06 23:02:05 com_github_MitjaNemec_Archive3DModels.archive_3d_models 150:Remapping: ${KICAD9_3DMODEL_DIR}/Resistor_SMD.3dshapes/R_1206_3216Metric.wrl
04-06 23:02:05 com_github_MitjaNemec_Archive3DModels.archive_3d_models 51:Getting 3D models for footprint of: JP4
04-06 23:02:05 com_github_MitjaNemec_Archive3DModels.archive_3d_models 63:Trying to copy: ${KICAD9_3DMODEL_DIR}/Connector_IDC.3dshapes/IDC-Header_2x07_P2.54mm_Horizontal.wrl
04-06 23:02:05 com_github_MitjaNemec_Archive3DModels.archive_3d_models 150:Remapping: ${KICAD9_3DMODEL_DIR}/Connector_IDC.3dshapes/IDC-Header_2x07_P2.54mm_Horizontal.wrl
04-06 23:02:05 com_github_MitjaNemec_Archive3DModels.archive_3d_models 51:Getting 3D models for footprint of: U31
04-06 23:02:05 com_github_MitjaNemec_Archive3DModels.archive_3d_models 63:Trying to copy: ${KICAD9_3DMODEL_DIR}/Package_DIP.3dshapes/DIP-16_W7.62mm.wrl
04-06 23:02:05 com_github_MitjaNemec_Archive3DModels.archive_3d_models 150:Remapping: ${KICAD9_3DMODEL_DIR}/Package_DIP.3dshapes/DIP-16_W7.62mm.wrl
04-06 23:02:05 com_github_MitjaNemec_Archive3DModels.archive_3d_models 63:Trying to copy: ${KICAD9_3DMODEL_DIR}/Package_DIP.3dshapes/DIP-16_W7.62mm_Socket.wrl
04-06 23:02:05 com_github_MitjaNemec_Archive3DModels.archive_3d_models 150:Remapping: ${KICAD9_3DMODEL_DIR}/Package_DIP.3dshapes/DIP-16_W7.62mm_Socket.wrl
04-06 23:02:05 com_github_MitjaNemec_Archive3DModels.archive_3d_models 51:Getting 3D models for footprint of: U7
04-06 23:02:05 com_github_MitjaNemec_Archive3DModels.archive_3d_models 63:Trying to copy: ${KICAD9_3DMODEL_DIR}/Package_DIP.3dshapes/DIP-16_W7.62mm.wrl
04-06 23:02:05 com_github_MitjaNemec_Archive3DModels.archive_3d_models 150:Remapping: ${KICAD9_3DMODEL_DIR}/Package_DIP.3dshapes/DIP-16_W7.62mm.wrl
04-06 23:02:05 com_github_MitjaNemec_Archive3DModels.archive_3d_models 63:Trying to copy: ${KICAD9_3DMODEL_DIR}/Package_DIP.3dshapes/DIP-16_W7.62mm_Socket.wrl
04-06 23:02:05 com_github_MitjaNemec_Archive3DModels.archive_3d_models 150:Remapping: ${KICAD9_3DMODEL_DIR}/Package_DIP.3dshapes/DIP-16_W7.62mm_Socket.wrl
04-06 23:02:05 com_github_MitjaNemec_Archive3DModels.archive_3d_models 51:Getting 3D models for footprint of: C8
04-06 23:02:05 com_github_MitjaNemec_Archive3DModels.archive_3d_models 63:Trying to copy: ${KICAD9_3DMODEL_DIR}/Capacitor_THT.3dshapes/C_Disc_D5.0mm_W2.5mm_P5.00mm.wrl
04-06 23:02:05 com_github_MitjaNemec_Archive3DModels.archive_3d_models 150:Remapping: ${KICAD9_3DMODEL_DIR}/Capacitor_THT.3dshapes/C_Disc_D5.0mm_W2.5mm_P5.00mm.wrl
04-06 23:02:05 com_github_MitjaNemec_Archive3DModels.archive_3d_models 51:Getting 3D models for footprint of: C1
04-06 23:02:05 com_github_MitjaNemec_Archive3DModels.archive_3d_models 63:Trying to copy: ${KICAD9_3DMODEL_DIR}/Capacitor_THT.3dshapes/C_Disc_D5.0mm_W2.5mm_P5.00mm.wrl
04-06 23:02:05 com_github_MitjaNemec_Archive3DModels.archive_3d_models 150:Remapping: ${KICAD9_3DMODEL_DIR}/Capacitor_THT.3dshapes/C_Disc_D5.0mm_W2.5mm_P5.00mm.wrl
04-06 23:02:05 com_github_MitjaNemec_Archive3DModels.archive_3d_models 51:Getting 3D models for footprint of: J1
04-06 23:02:05 com_github_MitjaNemec_Archive3DModels.archive_3d_models 63:Trying to copy: D:/00 - Dev & Calculs/Méca/PinHeader-jumpered/PinHeader_2x12_P2.54mm_Vertical_jumpered_cross.step
04-06 23:02:05 com_github_MitjaNemec_Archive3DModels.archive_3d_models 150:Remapping: D:/00 - Dev & Calculs/Méca/PinHeader-jumpered/PinHeader_2x12_P2.54mm_Vertical_jumpered_cross.step
04-06 23:02:05 com_github_MitjaNemec_Archive3DModels.archive_3d_models 63:Trying to copy: D:/00 - Dev & Calculs/Méca/PinHeader-jumpered/PinHeader_2x12_P2.54mm_Vertical_jumpered_lin.step
04-06 23:02:05 com_github_MitjaNemec_Archive3DModels.archive_3d_models 150:Remapping: D:/00 - Dev & Calculs/Méca/PinHeader-jumpered/PinHeader_2x12_P2.54mm_Vertical_jumpered_lin.step
04-06 23:02:05 com_github_MitjaNemec_Archive3DModels.archive_3d_models 63:Trying to copy: ${KICAD9_3DMODEL_DIR}/Connector_PinHeader_2.54mm.3dshapes/PinHeader_2x12_P2.54mm_Vertical.wrl
04-06 23:02:05 com_github_MitjaNemec_Archive3DModels.archive_3d_models 150:Remapping: ${KICAD9_3DMODEL_DIR}/Connector_PinHeader_2.54mm.3dshapes/PinHeader_2x12_P2.54mm_Vertical.wrl
04-06 23:02:05 com_github_MitjaNemec_Archive3DModels.archive_3d_models 51:Getting 3D models for footprint of: H2
04-06 23:02:05 com_github_MitjaNemec_Archive3DModels.archive_3d_models 51:Getting 3D models for footprint of: JP1
04-06 23:02:05 com_github_MitjaNemec_Archive3DModels.archive_3d_models 63:Trying to copy: ${KICAD9_3DMODEL_DIR}/Connector_PinHeader_2.54mm.3dshapes/PinHeader_1x03_P2.54mm_Vertical.wrl
04-06 23:02:05 com_github_MitjaNemec_Archive3DModels.archive_3d_models 150:Remapping: ${KICAD9_3DMODEL_DIR}/Connector_PinHeader_2.54mm.3dshapes/PinHeader_1x03_P2.54mm_Vertical.wrl
04-06 23:02:05 com_github_MitjaNemec_Archive3DModels.archive_3d_models 51:Getting 3D models for footprint of: LED1
04-06 23:02:05 com_github_MitjaNemec_Archive3DModels.archive_3d_models 63:Trying to copy: ${KICAD9_3DMODEL_DIR}/LED_SMD.3dshapes/LED_1206_3216Metric.wrl
04-06 23:02:05 com_github_MitjaNemec_Archive3DModels.archive_3d_models 150:Remapping: ${KICAD9_3DMODEL_DIR}/LED_SMD.3dshapes/LED_1206_3216Metric.wrl
04-06 23:02:05 com_github_MitjaNemec_Archive3DModels.archive_3d_models 51:Getting 3D models for footprint of: C4
04-06 23:02:05 com_github_MitjaNemec_Archive3DModels.archive_3d_models 63:Trying to copy: ${KICAD9_3DMODEL_DIR}/Capacitor_THT.3dshapes/C_Disc_D5.0mm_W2.5mm_P5.00mm.wrl
04-06 23:02:05 com_github_MitjaNemec_Archive3DModels.archive_3d_models 150:Remapping: ${KICAD9_3DMODEL_DIR}/Capacitor_THT.3dshapes/C_Disc_D5.0mm_W2.5mm_P5.00mm.wrl
04-06 23:02:05 com_github_MitjaNemec_Archive3DModels.archive_3d_models 51:Getting 3D models for footprint of: C3
04-06 23:02:05 com_github_MitjaNemec_Archive3DModels.archive_3d_models 63:Trying to copy: ${KICAD9_3DMODEL_DIR}/Capacitor_THT.3dshapes/C_Disc_D5.0mm_W2.5mm_P5.00mm.wrl
04-06 23:02:05 com_github_MitjaNemec_Archive3DModels.archive_3d_models 150:Remapping: ${KICAD9_3DMODEL_DIR}/Capacitor_THT.3dshapes/C_Disc_D5.0mm_W2.5mm_P5.00mm.wrl
04-06 23:02:05 com_github_MitjaNemec_Archive3DModels.archive_3d_models 51:Getting 3D models for footprint of: C_1
04-06 23:02:05 com_github_MitjaNemec_Archive3DModels.archive_3d_models 63:Trying to copy: ${KICAD9_3DMODEL_DIR}/Capacitor_SMD.3dshapes/C_1206_3216Metric.wrl
04-06 23:02:05 com_github_MitjaNemec_Archive3DModels.archive_3d_models 150:Remapping: ${KICAD9_3DMODEL_DIR}/Capacitor_SMD.3dshapes/C_1206_3216Metric.wrl
04-06 23:02:05 com_github_MitjaNemec_Archive3DModels.archive_3d_models 51:Getting 3D models for footprint of: U25
04-06 23:02:05 com_github_MitjaNemec_Archive3DModels.archive_3d_models 63:Trying to copy: ${KICAD9_3DMODEL_DIR}/Package_DIP.3dshapes/DIP-16_W7.62mm.wrl
04-06 23:02:05 com_github_MitjaNemec_Archive3DModels.archive_3d_models 150:Remapping: ${KICAD9_3DMODEL_DIR}/Package_DIP.3dshapes/DIP-16_W7.62mm.wrl
04-06 23:02:05 com_github_MitjaNemec_Archive3DModels.archive_3d_models 63:Trying to copy: ${KICAD9_3DMODEL_DIR}/Package_DIP.3dshapes/DIP-16_W7.62mm_Socket.wrl
04-06 23:02:05 com_github_MitjaNemec_Archive3DModels.archive_3d_models 150:Remapping: ${KICAD9_3DMODEL_DIR}/Package_DIP.3dshapes/DIP-16_W7.62mm_Socket.wrl
04-06 23:02:05 com_github_MitjaNemec_Archive3DModels.archive_3d_models 51:Getting 3D models for footprint of: C10
04-06 23:02:05 com_github_MitjaNemec_Archive3DModels.archive_3d_models 63:Trying to copy: ${KICAD9_3DMODEL_DIR}/Capacitor_THT.3dshapes/C_Disc_D5.0mm_W2.5mm_P5.00mm.wrl
04-06 23:02:05 com_github_MitjaNemec_Archive3DModels.archive_3d_models 150:Remapping: ${KICAD9_3DMODEL_DIR}/Capacitor_THT.3dshapes/C_Disc_D5.0mm_W2.5mm_P5.00mm.wrl
04-06 23:02:05 com_github_MitjaNemec_Archive3DModels.archive_3d_models 51:Getting 3D models for footprint of: PCIe_SPI_1
04-06 23:02:05 com_github_MitjaNemec_Archive3DModels.archive_3d_models 63:Trying to copy: ${KICAD9_3DMODEL_DIR}/Connector_PinHeader_2.54mm.3dshapes/PinHeader_2x11_P2.54mm_Vertical.wrl
04-06 23:02:05 com_github_MitjaNemec_Archive3DModels.archive_3d_models 150:Remapping: ${KICAD9_3DMODEL_DIR}/Connector_PinHeader_2.54mm.3dshapes/PinHeader_2x11_P2.54mm_Vertical.wrl
04-06 23:02:05 com_github_MitjaNemec_Archive3DModels.archive_3d_models 51:Getting 3D models for footprint of: JP3
04-06 23:02:05 com_github_MitjaNemec_Archive3DModels.archive_3d_models 63:Trying to copy: ${KICAD9_3DMODEL_DIR}/Connector_PinHeader_2.54mm.3dshapes/PinHeader_1x03_P2.54mm_Vertical.wrl
04-06 23:02:05 com_github_MitjaNemec_Archive3DModels.archive_3d_models 150:Remapping: ${KICAD9_3DMODEL_DIR}/Connector_PinHeader_2.54mm.3dshapes/PinHeader_1x03_P2.54mm_Vertical.wrl
04-06 23:02:05 com_github_MitjaNemec_Archive3DModels.archive_3d_models 51:Getting 3D models for footprint of: C7
04-06 23:02:05 com_github_MitjaNemec_Archive3DModels.archive_3d_models 63:Trying to copy: ${KICAD9_3DMODEL_DIR}/Capacitor_THT.3dshapes/C_Disc_D5.0mm_W2.5mm_P5.00mm.wrl
04-06 23:02:05 com_github_MitjaNemec_Archive3DModels.archive_3d_models 150:Remapping: ${KICAD9_3DMODEL_DIR}/Capacitor_THT.3dshapes/C_Disc_D5.0mm_W2.5mm_P5.00mm.wrl
04-06 23:02:05 com_github_MitjaNemec_Archive3DModels.archive_3d_models 51:Getting 3D models for footprint of: ByPass_2G74
04-06 23:02:05 com_github_MitjaNemec_Archive3DModels.archive_3d_models 51:Getting 3D models for footprint of: U2
04-06 23:02:05 com_github_MitjaNemec_Archive3DModels.archive_3d_models 63:Trying to copy: ${KICAD9_3DMODEL_DIR}/Package_SO.3dshapes/SSOP-8_2.95x2.8mm_P0.65mm.wrl
04-06 23:02:05 com_github_MitjaNemec_Archive3DModels.archive_3d_models 150:Remapping: ${KICAD9_3DMODEL_DIR}/Package_SO.3dshapes/SSOP-8_2.95x2.8mm_P0.65mm.wrl
